<?xml version="1.0" encoding="UTF-8"?>
<!-- Generated by org.testng.reporters.JUnitReportReporter -->
<testsuite hostname="DESKTOP-1R6JOFO" failures="0" tests="3" name="testClasses.VerifyUserCanAddNewAddress" time="15.580" errors="0" timestamp="2022-10-09T14:26:34 IST" skipped="0">
  <testcase classname="testClasses.VerifyUserCanAddNewAddress" name="verifyUserCanOpenProfilePage" time="10.744"/>
  <system-out/>
  <testcase classname="testClasses.VerifyUserCanAddNewAddress" name="addNewAddress" time="2.508"/>
  <system-out/>
  <testcase classname="testClasses.VerifyUserCanAddNewAddress" name="addNewAddress" time="2.328"/>
  <system-out/>
</testsuite> <!-- testClasses.VerifyUserCanAddNewAddress -->
