<?xml version="1.0" encoding="UTF-8"?>
<!-- Generated by org.testng.reporters.JUnitReportReporter -->
<testsuite hostname="DESKTOP-1R6JOFO" failures="0" tests="1" name="testClasses.VerifyUserCanLogin" time="11.472" errors="0" timestamp="2022-10-09T14:26:34 IST" skipped="0">
  <testcase classname="testClasses.VerifyUserCanLogin" name="VerifyUserCanLogIn" time="11.472"/>
  <system-out/>
</testsuite> <!-- testClasses.VerifyUserCanLogin -->
